<?xml version="1.0" encoding="UTF-8"?>
<testsuite name="CrossbodyBagTest" tests="3" skipped="0" failures="0" errors="0" timestamp="2023-06-11T18:22:15" hostname="Jaspreets-MBP.ht.home" time="0.007">
  <properties/>
  <testcase name="TestToString" classname="CrossbodyBagTest" time="0.003"/>
  <testcase name="TestEnhance" classname="CrossbodyBagTest" time="0.002"/>
  <testcase name="TestGetNumberOfStraps" classname="CrossbodyBagTest" time="0.001"/>
  <system-out><![CDATA[]]></system-out>
  <system-err><![CDATA[]]></system-err>
</testsuite>
